{"/home/dltfred/reto-pichincha/src/components/Button/index.jsx": {"path":"/home/dltfred/reto-pichincha/src/components/Button/index.jsx","all":false,"statementMap":{"0":{"start":{"line":1,"column":0},"end":{"line":1,"column":38}},"1":{"start":{"line":2,"column":0},"end":{"line":2,"column":66}},"2":{"start":{"line":3,"column":0},"end":{"line":3,"column":10}},"3":{"start":{"line":4,"column":0},"end":{"line":4,"column":68}},"4":{"start":{"line":5,"column":0},"end":{"line":5,"column":34}},"5":{"start":{"line":6,"column":0},"end":{"line":6,"column":16}},"6":{"start":{"line":7,"column":0},"end":{"line":7,"column":13}},"7":{"start":{"line":8,"column":0},"end":{"line":8,"column":3}},"8":{"start":{"line":9,"column":0},"end":{"line":9,"column":1}}},"s":{"0":1,"1":1,"2":5,"3":5,"4":5,"5":5,"6":5,"7":5,"8":5},"branchMap":{"0":{"type":"branch","line":2,"loc":{"start":{"line":2,"column":22},"end":{"line":9,"column":1}},"locations":[{"start":{"line":2,"column":22},"end":{"line":9,"column":1}}]},"1":{"type":"branch","line":9,"loc":{"start":{"line":9,"column":0},"end":{"line":9,"column":1}},"locations":[{"start":{"line":9,"column":0},"end":{"line":9,"column":1}}]}},"b":{"0":[5],"1":[5]},"fnMap":{"0":{"name":"Button","decl":{"start":{"line":2,"column":22},"end":{"line":9,"column":1}},"loc":{"start":{"line":2,"column":22},"end":{"line":9,"column":1}},"line":2},"1":{"name":"get","decl":{"start":{"line":9,"column":0},"end":{"line":9,"column":1}},"loc":{"start":{"line":9,"column":0},"end":{"line":9,"column":1}},"line":9}},"f":{"0":5,"1":5}}
,"/home/dltfred/reto-pichincha/src/components/Input/index.jsx": {"path":"/home/dltfred/reto-pichincha/src/components/Input/index.jsx","all":false,"statementMap":{"0":{"start":{"line":1,"column":0},"end":{"line":1,"column":38}},"1":{"start":{"line":2,"column":0},"end":{"line":2,"column":76}},"2":{"start":{"line":3,"column":0},"end":{"line":3,"column":10}},"3":{"start":{"line":4,"column":0},"end":{"line":4,"column":37}},"4":{"start":{"line":5,"column":0},"end":{"line":5,"column":7}},"5":{"start":{"line":6,"column":0},"end":{"line":6,"column":63}},"6":{"start":{"line":7,"column":0},"end":{"line":7,"column":7}},"7":{"start":{"line":8,"column":0},"end":{"line":8,"column":11}},"8":{"start":{"line":9,"column":0},"end":{"line":9,"column":90}},"9":{"start":{"line":10,"column":0},"end":{"line":10,"column":18}},"10":{"start":{"line":11,"column":0},"end":{"line":11,"column":12}},"11":{"start":{"line":12,"column":0},"end":{"line":12,"column":10}},"12":{"start":{"line":13,"column":0},"end":{"line":13,"column":3}},"13":{"start":{"line":14,"column":0},"end":{"line":14,"column":1}}},"s":{"0":1,"1":1,"2":4,"3":4,"4":4,"5":4,"6":4,"7":4,"8":4,"9":4,"10":4,"11":4,"12":4,"13":4},"branchMap":{"0":{"type":"branch","line":2,"loc":{"start":{"line":2,"column":21},"end":{"line":14,"column":1}},"locations":[{"start":{"line":2,"column":21},"end":{"line":14,"column":1}}]},"1":{"type":"branch","line":6,"loc":{"start":{"line":6,"column":8},"end":{"line":6,"column":63}},"locations":[{"start":{"line":6,"column":8},"end":{"line":6,"column":63}}]},"2":{"type":"branch","line":14,"loc":{"start":{"line":14,"column":0},"end":{"line":14,"column":1}},"locations":[{"start":{"line":14,"column":0},"end":{"line":14,"column":1}}]}},"b":{"0":[4],"1":[1],"2":[4]},"fnMap":{"0":{"name":"Input","decl":{"start":{"line":2,"column":21},"end":{"line":14,"column":1}},"loc":{"start":{"line":2,"column":21},"end":{"line":14,"column":1}},"line":2},"1":{"name":"get","decl":{"start":{"line":14,"column":0},"end":{"line":14,"column":1}},"loc":{"start":{"line":14,"column":0},"end":{"line":14,"column":1}},"line":14}},"f":{"0":4,"1":4}}
,"/home/dltfred/reto-pichincha/src/components/Input/inputTypeRange.jsx": {"path":"/home/dltfred/reto-pichincha/src/components/Input/inputTypeRange.jsx","all":false,"statementMap":{"0":{"start":{"line":1,"column":0},"end":{"line":1,"column":25}},"1":{"start":{"line":2,"column":0},"end":{"line":2,"column":39}},"2":{"start":{"line":3,"column":0},"end":{"line":3,"column":63}},"3":{"start":{"line":4,"column":0},"end":{"line":4,"column":10}},"4":{"start":{"line":5,"column":0},"end":{"line":5,"column":59}},"5":{"start":{"line":6,"column":0},"end":{"line":6,"column":41}},"6":{"start":{"line":7,"column":0},"end":{"line":7,"column":43}},"7":{"start":{"line":8,"column":0},"end":{"line":8,"column":62}},"8":{"start":{"line":9,"column":0},"end":{"line":9,"column":12}},"9":{"start":{"line":10,"column":0},"end":{"line":10,"column":3}},"10":{"start":{"line":11,"column":0},"end":{"line":11,"column":1}}},"s":{"0":1,"1":1,"2":1,"3":1,"4":1,"5":1,"6":1,"7":1,"8":1,"9":1,"10":1},"branchMap":{"0":{"type":"branch","line":3,"loc":{"start":{"line":3,"column":30},"end":{"line":11,"column":1}},"locations":[{"start":{"line":3,"column":30},"end":{"line":11,"column":1}}]},"1":{"type":"branch","line":11,"loc":{"start":{"line":11,"column":0},"end":{"line":11,"column":1}},"locations":[{"start":{"line":11,"column":0},"end":{"line":11,"column":1}}]}},"b":{"0":[1],"1":[1]},"fnMap":{"0":{"name":"InputTypeRange","decl":{"start":{"line":3,"column":30},"end":{"line":11,"column":1}},"loc":{"start":{"line":3,"column":30},"end":{"line":11,"column":1}},"line":3},"1":{"name":"get","decl":{"start":{"line":11,"column":0},"end":{"line":11,"column":1}},"loc":{"start":{"line":11,"column":0},"end":{"line":11,"column":1}},"line":11}},"f":{"0":1,"1":1}}
,"/home/dltfred/reto-pichincha/src/components/Input/inputWithImage.jsx": {"path":"/home/dltfred/reto-pichincha/src/components/Input/inputWithImage.jsx","all":false,"statementMap":{"0":{"start":{"line":1,"column":0},"end":{"line":1,"column":25}},"1":{"start":{"line":2,"column":0},"end":{"line":2,"column":38}},"2":{"start":{"line":3,"column":0},"end":{"line":3,"column":89}},"3":{"start":{"line":4,"column":0},"end":{"line":4,"column":10}},"4":{"start":{"line":5,"column":0},"end":{"line":5,"column":74}},"5":{"start":{"line":6,"column":0},"end":{"line":6,"column":74}},"6":{"start":{"line":7,"column":0},"end":{"line":7,"column":12}},"7":{"start":{"line":8,"column":0},"end":{"line":8,"column":3}},"8":{"start":{"line":9,"column":0},"end":{"line":9,"column":1}}},"s":{"0":1,"1":1,"2":1,"3":1,"4":1,"5":1,"6":1,"7":1,"8":1},"branchMap":{"0":{"type":"branch","line":3,"loc":{"start":{"line":3,"column":30},"end":{"line":9,"column":1}},"locations":[{"start":{"line":3,"column":30},"end":{"line":9,"column":1}}]},"1":{"type":"branch","line":9,"loc":{"start":{"line":9,"column":0},"end":{"line":9,"column":1}},"locations":[{"start":{"line":9,"column":0},"end":{"line":9,"column":1}}]}},"b":{"0":[1],"1":[1]},"fnMap":{"0":{"name":"InputWithImage","decl":{"start":{"line":3,"column":30},"end":{"line":9,"column":1}},"loc":{"start":{"line":3,"column":30},"end":{"line":9,"column":1}},"line":3},"1":{"name":"get","decl":{"start":{"line":9,"column":0},"end":{"line":9,"column":1}},"loc":{"start":{"line":9,"column":0},"end":{"line":9,"column":1}},"line":9}},"f":{"0":1,"1":1}}
,"/home/dltfred/reto-pichincha/src/components/Spinner/index.jsx": {"path":"/home/dltfred/reto-pichincha/src/components/Spinner/index.jsx","all":false,"statementMap":{"0":{"start":{"line":1,"column":0},"end":{"line":1,"column":38}},"1":{"start":{"line":2,"column":0},"end":{"line":2,"column":30}},"2":{"start":{"line":3,"column":0},"end":{"line":3,"column":10}},"3":{"start":{"line":4,"column":0},"end":{"line":4,"column":37}},"4":{"start":{"line":5,"column":0},"end":{"line":5,"column":3}},"5":{"start":{"line":6,"column":0},"end":{"line":6,"column":1}}},"s":{"0":1,"1":1,"2":1,"3":1,"4":1,"5":1},"branchMap":{"0":{"type":"branch","line":2,"loc":{"start":{"line":2,"column":23},"end":{"line":6,"column":1}},"locations":[{"start":{"line":2,"column":23},"end":{"line":6,"column":1}}]},"1":{"type":"branch","line":6,"loc":{"start":{"line":6,"column":0},"end":{"line":6,"column":1}},"locations":[{"start":{"line":6,"column":0},"end":{"line":6,"column":1}}]}},"b":{"0":[1],"1":[1]},"fnMap":{"0":{"name":"Spinner","decl":{"start":{"line":2,"column":23},"end":{"line":6,"column":1}},"loc":{"start":{"line":2,"column":23},"end":{"line":6,"column":1}},"line":2},"1":{"name":"get","decl":{"start":{"line":6,"column":0},"end":{"line":6,"column":1}},"loc":{"start":{"line":6,"column":0},"end":{"line":6,"column":1}},"line":6}},"f":{"0":1,"1":1}}
,"/home/dltfred/reto-pichincha/src/components/Table/index.jsx": {"path":"/home/dltfred/reto-pichincha/src/components/Table/index.jsx","all":false,"statementMap":{"0":{"start":{"line":1,"column":0},"end":{"line":1,"column":38}},"1":{"start":{"line":2,"column":0},"end":{"line":2,"column":55}},"2":{"start":{"line":3,"column":0},"end":{"line":3,"column":10}},"3":{"start":{"line":4,"column":0},"end":{"line":4,"column":46}},"4":{"start":{"line":5,"column":0},"end":{"line":5,"column":13}},"5":{"start":{"line":6,"column":0},"end":{"line":6,"column":12}},"6":{"start":{"line":7,"column":0},"end":{"line":7,"column":11}},"7":{"start":{"line":8,"column":0},"end":{"line":8,"column":69}},"8":{"start":{"line":9,"column":0},"end":{"line":9,"column":11}},"9":{"start":{"line":10,"column":0},"end":{"line":10,"column":13}},"10":{"start":{"line":11,"column":0},"end":{"line":11,"column":14}},"11":{"start":{"line":12,"column":0},"end":{"line":12,"column":13}},"12":{"start":{"line":13,"column":0},"end":{"line":13,"column":9}},"13":{"start":{"line":14,"column":0},"end":{"line":14,"column":25}},"14":{"start":{"line":15,"column":0},"end":{"line":15,"column":29}},"15":{"start":{"line":16,"column":0},"end":{"line":16,"column":113}},"16":{"start":{"line":17,"column":0},"end":{"line":17,"column":18}},"17":{"start":{"line":18,"column":0},"end":{"line":18,"column":9}},"18":{"start":{"line":19,"column":0},"end":{"line":19,"column":14}},"19":{"start":{"line":20,"column":0},"end":{"line":20,"column":12}},"20":{"start":{"line":21,"column":0},"end":{"line":21,"column":3}},"21":{"start":{"line":22,"column":0},"end":{"line":22,"column":1}}},"s":{"0":1,"1":1,"2":3,"3":3,"4":3,"5":3,"6":3,"7":3,"8":3,"9":3,"10":3,"11":3,"12":3,"13":3,"14":15,"15":15,"16":3,"17":3,"18":3,"19":3,"20":3,"21":3},"branchMap":{"0":{"type":"branch","line":2,"loc":{"start":{"line":2,"column":21},"end":{"line":22,"column":1}},"locations":[{"start":{"line":2,"column":21},"end":{"line":22,"column":1}}]},"1":{"type":"branch","line":8,"loc":{"start":{"line":8,"column":22},"end":{"line":8,"column":68}},"locations":[{"start":{"line":8,"column":22},"end":{"line":8,"column":68}}]},"2":{"type":"branch","line":14,"loc":{"start":{"line":14,"column":19},"end":{"line":17,"column":17}},"locations":[{"start":{"line":14,"column":19},"end":{"line":17,"column":17}}]},"3":{"type":"branch","line":16,"loc":{"start":{"line":16,"column":27},"end":{"line":16,"column":111}},"locations":[{"start":{"line":16,"column":27},"end":{"line":16,"column":111}}]},"4":{"type":"branch","line":16,"loc":{"start":{"line":16,"column":62},"end":{"line":16,"column":90}},"locations":[{"start":{"line":16,"column":62},"end":{"line":16,"column":90}}]},"5":{"type":"branch","line":16,"loc":{"start":{"line":16,"column":86},"end":{"line":16,"column":106}},"locations":[{"start":{"line":16,"column":86},"end":{"line":16,"column":106}}]},"6":{"type":"branch","line":22,"loc":{"start":{"line":22,"column":0},"end":{"line":22,"column":1}},"locations":[{"start":{"line":22,"column":0},"end":{"line":22,"column":1}}]}},"b":{"0":[3],"1":[15],"2":[15],"3":[75],"4":[30],"5":[45],"6":[3]},"fnMap":{"0":{"name":"Table","decl":{"start":{"line":2,"column":21},"end":{"line":22,"column":1}},"loc":{"start":{"line":2,"column":21},"end":{"line":22,"column":1}},"line":2},"1":{"name":"get","decl":{"start":{"line":22,"column":0},"end":{"line":22,"column":1}},"loc":{"start":{"line":22,"column":0},"end":{"line":22,"column":1}},"line":22}},"f":{"0":3,"1":3}}
,"/home/dltfred/reto-pichincha/src/components/Toast/index.jsx": {"path":"/home/dltfred/reto-pichincha/src/components/Toast/index.jsx","all":false,"statementMap":{"0":{"start":{"line":1,"column":0},"end":{"line":1,"column":38}},"1":{"start":{"line":2,"column":0},"end":{"line":2,"column":46}},"2":{"start":{"line":3,"column":0},"end":{"line":3,"column":10}},"3":{"start":{"line":4,"column":0},"end":{"line":4,"column":33}},"4":{"start":{"line":5,"column":0},"end":{"line":5,"column":7}},"5":{"start":{"line":6,"column":0},"end":{"line":6,"column":47}},"6":{"start":{"line":7,"column":0},"end":{"line":7,"column":7}},"7":{"start":{"line":8,"column":0},"end":{"line":8,"column":22}},"8":{"start":{"line":9,"column":0},"end":{"line":9,"column":10}},"9":{"start":{"line":10,"column":0},"end":{"line":10,"column":3}},"10":{"start":{"line":11,"column":0},"end":{"line":11,"column":1}}},"s":{"0":1,"1":1,"2":2,"3":2,"4":2,"5":2,"6":2,"7":2,"8":2,"9":2,"10":2},"branchMap":{"0":{"type":"branch","line":2,"loc":{"start":{"line":2,"column":21},"end":{"line":11,"column":1}},"locations":[{"start":{"line":2,"column":21},"end":{"line":11,"column":1}}]},"1":{"type":"branch","line":6,"loc":{"start":{"line":6,"column":8},"end":{"line":6,"column":47}},"locations":[{"start":{"line":6,"column":8},"end":{"line":6,"column":47}}]},"2":{"type":"branch","line":11,"loc":{"start":{"line":11,"column":0},"end":{"line":11,"column":1}},"locations":[{"start":{"line":11,"column":0},"end":{"line":11,"column":1}}]}},"b":{"0":[2],"1":[1],"2":[2]},"fnMap":{"0":{"name":"Toast","decl":{"start":{"line":2,"column":21},"end":{"line":11,"column":1}},"loc":{"start":{"line":2,"column":21},"end":{"line":11,"column":1}},"line":2},"1":{"name":"get","decl":{"start":{"line":11,"column":0},"end":{"line":11,"column":1}},"loc":{"start":{"line":11,"column":0},"end":{"line":11,"column":1}},"line":11}},"f":{"0":2,"1":2}}
}
